[2025-05-19 21:43:00] INFO: Image File: /home/blanck/Documents/kameli/KaSDCard.001
[2025-05-19 21:43:00] INFO: Sector Size: 512
[2025-05-19 21:43:00] INFO: File Size: 31914983424
[2025-05-19 21:43:00] INFO: Total Sectors: 62333952
[2025-05-19 21:43:00] INFO: Detected Signature: MBR Partition Table
[2025-05-19 21:43:00] INFO: Partition Table: MBR
[2025-05-19 21:43:07] INFO: SECTOR_DONE: 0
[2025-05-19 21:45:33] INFO: SECTOR_DONE: 1
[2025-05-19 21:45:33] INFO: SECTOR_DONE: 2
[2025-05-19 21:45:33] INFO: SECTOR_DONE: 3
[2025-05-19 21:45:34] INFO: SECTOR_DONE: 4
[2025-05-19 21:45:34] INFO: SECTOR_DONE: 5
[2025-05-19 21:45:34] INFO: SECTOR_DONE: 6
[2025-05-19 21:45:35] INFO: SECTOR_DONE: 7
[2025-05-19 21:45:35] INFO: SECTOR_DONE: 8
[2025-05-19 21:45:35] INFO: SECTOR_DONE: 9
[2025-05-19 21:45:38] INFO: SECTOR_DONE: 10
[2025-05-19 21:45:39] INFO: SECTOR_DONE: 11
[2025-05-19 21:45:39] INFO: SECTOR_DONE: 12
[2025-05-19 21:45:40] INFO: SECTOR_DONE: 13
[2025-05-19 21:45:40] INFO: SECTOR_DONE: 14
[2025-05-19 21:45:40] INFO: SECTOR_DONE: 15
[2025-05-19 21:45:41] INFO: SECTOR_DONE: 16
[2025-05-19 21:45:41] INFO: SECTOR_DONE: 17
[2025-05-19 21:45:41] INFO: SECTOR_DONE: 18
[2025-05-19 21:45:41] INFO: SECTOR_DONE: 19
[2025-05-19 21:45:41] INFO: SECTOR_DONE: 20
[2025-05-19 21:45:42] INFO: SECTOR_DONE: 21
[2025-05-19 21:45:42] INFO: SECTOR_DONE: 22
[2025-05-19 21:45:42] INFO: SECTOR_DONE: 23
[2025-05-19 21:45:42] INFO: SECTOR_DONE: 24
[2025-05-19 21:45:42] INFO: SECTOR_DONE: 25
[2025-05-19 21:45:42] INFO: SECTOR_DONE: 26
[2025-05-19 21:45:42] INFO: SECTOR_DONE: 27
[2025-05-19 21:45:42] INFO: SECTOR_DONE: 28
[2025-05-19 21:45:42] INFO: SECTOR_DONE: 29
[2025-05-19 21:45:42] INFO: SECTOR_DONE: 30
[2025-05-19 21:45:42] INFO: SECTOR_DONE: 31
[2025-05-19 21:45:42] INFO: SECTOR_DONE: 32
[2025-05-19 21:45:42] INFO: SECTOR_DONE: 33
[2025-05-19 21:45:42] INFO: SECTOR_DONE: 34
[2025-05-19 21:45:43] INFO: SECTOR_DONE: 35
[2025-05-19 21:45:43] INFO: SECTOR_DONE: 36
[2025-05-19 21:45:43] INFO: SECTOR_DONE: 37
[2025-05-19 21:45:43] INFO: SECTOR_DONE: 38
[2025-05-19 21:45:43] INFO: SECTOR_DONE: 39
[2025-05-19 21:45:43] INFO: SECTOR_DONE: 40
[2025-05-19 21:45:43] INFO: SECTOR_DONE: 41
[2025-05-19 21:45:43] INFO: SECTOR_DONE: 42
[2025-05-19 21:45:43] INFO: SECTOR_DONE: 43
[2025-05-19 21:45:43] INFO: SECTOR_DONE: 44
[2025-05-19 21:45:43] INFO: SECTOR_DONE: 45
[2025-05-19 21:45:43] INFO: SECTOR_DONE: 46
[2025-05-19 21:45:43] INFO: SECTOR_DONE: 47
[2025-05-19 21:45:43] INFO: SECTOR_DONE: 48
[2025-05-19 21:45:43] INFO: SECTOR_DONE: 49
[2025-05-19 21:45:43] INFO: SECTOR_DONE: 50
[2025-05-19 21:45:43] INFO: SECTOR_DONE: 51
[2025-05-19 21:45:43] INFO: SECTOR_DONE: 52
[2025-05-19 21:45:43] INFO: SECTOR_DONE: 53
[2025-05-19 21:45:43] INFO: SECTOR_DONE: 54
[2025-05-19 21:45:43] INFO: SECTOR_DONE: 55
[2025-05-19 21:45:43] INFO: SECTOR_DONE: 56
[2025-05-19 21:45:43] INFO: SECTOR_DONE: 57
[2025-05-19 21:45:43] INFO: SECTOR_DONE: 58
[2025-05-19 21:45:43] INFO: SECTOR_DONE: 59
[2025-05-19 21:45:43] INFO: SECTOR_DONE: 60
[2025-05-19 21:45:43] INFO: SECTOR_DONE: 61
[2025-05-19 21:45:43] INFO: SECTOR_DONE: 62
[2025-05-19 21:45:43] INFO: SECTOR_DONE: 63
[2025-05-19 21:45:43] INFO: SECTOR_DONE: 64
[2025-05-19 21:45:43] INFO: SECTOR_DONE: 65
[2025-05-19 21:45:43] INFO: SECTOR_DONE: 66
[2025-05-19 21:45:43] INFO: SECTOR_DONE: 67
[2025-05-19 21:45:43] INFO: SECTOR_DONE: 68
[2025-05-19 21:45:43] INFO: SECTOR_DONE: 69
[2025-05-19 21:45:43] INFO: SECTOR_DONE: 70
[2025-05-19 21:45:43] INFO: SECTOR_DONE: 71
[2025-05-19 21:45:43] INFO: SECTOR_DONE: 72
[2025-05-19 21:45:43] INFO: SECTOR_DONE: 73
[2025-05-19 21:45:44] INFO: SECTOR_DONE: 74
[2025-05-19 21:45:44] INFO: SECTOR_DONE: 75
[2025-05-19 21:45:44] INFO: SECTOR_DONE: 76
[2025-05-19 21:45:44] INFO: SECTOR_DONE: 77
[2025-05-19 21:45:44] INFO: SECTOR_DONE: 78
[2025-05-19 21:45:44] INFO: SECTOR_DONE: 79
[2025-05-19 21:45:44] INFO: SECTOR_DONE: 80
[2025-05-19 21:45:44] INFO: SECTOR_DONE: 81
[2025-05-19 21:45:44] INFO: SECTOR_DONE: 82
[2025-05-19 21:45:44] INFO: SECTOR_DONE: 83
[2025-05-19 21:45:44] INFO: SECTOR_DONE: 84
[2025-05-19 21:45:44] INFO: SECTOR_DONE: 85
[2025-05-19 21:45:44] INFO: SECTOR_DONE: 86
[2025-05-19 21:45:44] INFO: SECTOR_DONE: 87
[2025-05-19 21:45:44] INFO: SECTOR_DONE: 88
[2025-05-19 21:45:44] INFO: SECTOR_DONE: 89
[2025-05-19 21:45:44] INFO: SECTOR_DONE: 90
[2025-05-19 21:45:44] INFO: SECTOR_DONE: 91
[2025-05-19 21:45:44] INFO: SECTOR_DONE: 92
[2025-05-19 21:45:44] INFO: SECTOR_DONE: 93
[2025-05-19 21:45:44] INFO: SECTOR_DONE: 94
[2025-05-19 21:45:44] INFO: SECTOR_DONE: 95
[2025-05-19 21:45:44] INFO: SECTOR_DONE: 96
[2025-05-19 21:45:44] INFO: SECTOR_DONE: 97
[2025-05-19 21:45:44] INFO: SECTOR_DONE: 98
[2025-05-19 21:45:44] INFO: SECTOR_DONE: 99
[2025-05-19 21:45:44] INFO: SECTOR_DONE: 100
[2025-05-19 21:45:44] INFO: SECTOR_DONE: 101
[2025-05-19 21:45:44] INFO: SECTOR_DONE: 102
[2025-05-19 21:45:44] INFO: SECTOR_DONE: 103
[2025-05-19 21:45:44] INFO: SECTOR_DONE: 104
[2025-05-19 21:45:44] INFO: SECTOR_DONE: 105
[2025-05-19 21:45:44] INFO: SECTOR_DONE: 106
[2025-05-19 21:45:44] INFO: SECTOR_DONE: 107
[2025-05-19 21:45:44] INFO: SECTOR_DONE: 108
[2025-05-19 21:45:44] INFO: SECTOR_DONE: 109
[2025-05-19 21:45:44] INFO: SECTOR_DONE: 110
[2025-05-19 21:45:44] INFO: SECTOR_DONE: 111
[2025-05-19 21:45:44] INFO: SECTOR_DONE: 112
[2025-05-19 21:45:45] INFO: SECTOR_DONE: 113
[2025-05-19 21:45:45] INFO: SECTOR_DONE: 114
[2025-05-19 21:45:45] INFO: SECTOR_DONE: 115
[2025-05-19 21:45:45] INFO: SECTOR_DONE: 116
[2025-05-19 21:45:45] INFO: SECTOR_DONE: 117
[2025-05-19 21:45:45] INFO: SECTOR_DONE: 118
[2025-05-19 21:45:45] INFO: SECTOR_DONE: 119
[2025-05-19 21:45:45] INFO: SECTOR_DONE: 120
[2025-05-19 21:45:45] INFO: SECTOR_DONE: 121
[2025-05-19 21:45:45] INFO: SECTOR_DONE: 122
[2025-05-19 21:45:45] INFO: SECTOR_DONE: 123
[2025-05-19 21:45:45] INFO: SECTOR_DONE: 124
[2025-05-19 21:45:45] INFO: SECTOR_DONE: 125
[2025-05-19 21:45:45] INFO: SECTOR_DONE: 126
[2025-05-19 21:45:45] INFO: SECTOR_DONE: 127
[2025-05-19 21:45:45] INFO: SECTOR_DONE: 128
[2025-05-19 21:45:45] INFO: SECTOR_DONE: 129
[2025-05-19 21:45:45] INFO: SECTOR_DONE: 130
[2025-05-19 21:45:45] INFO: SECTOR_DONE: 131
[2025-05-19 21:45:45] INFO: SECTOR_DONE: 132
[2025-05-19 21:45:45] INFO: SECTOR_DONE: 133
[2025-05-19 21:45:45] INFO: SECTOR_DONE: 134
[2025-05-19 21:45:45] INFO: SECTOR_DONE: 135
[2025-05-19 21:45:45] INFO: SECTOR_DONE: 136
[2025-05-19 21:45:45] INFO: SECTOR_DONE: 137
[2025-05-19 21:45:45] INFO: SECTOR_DONE: 138
[2025-05-19 21:45:45] INFO: SECTOR_DONE: 139
[2025-05-19 21:45:45] INFO: SECTOR_DONE: 140
[2025-05-19 21:45:45] INFO: SECTOR_DONE: 141
[2025-05-19 21:45:45] INFO: SECTOR_DONE: 142
[2025-05-19 21:45:45] INFO: SECTOR_DONE: 143
[2025-05-19 21:45:45] INFO: SECTOR_DONE: 144
[2025-05-19 21:45:45] INFO: SECTOR_DONE: 145
[2025-05-19 21:45:45] INFO: SECTOR_DONE: 146
[2025-05-19 21:45:45] INFO: SECTOR_DONE: 147
[2025-05-19 21:45:45] INFO: SECTOR_DONE: 148
[2025-05-19 21:45:45] INFO: SECTOR_DONE: 149
[2025-05-19 21:45:45] INFO: SECTOR_DONE: 150
[2025-05-19 21:45:45] INFO: SECTOR_DONE: 151
[2025-05-19 21:45:46] INFO: SECTOR_DONE: 152
[2025-05-19 21:45:46] INFO: SECTOR_DONE: 153
[2025-05-19 21:45:46] INFO: SECTOR_DONE: 154
[2025-05-19 21:45:46] INFO: SECTOR_DONE: 155
[2025-05-19 21:45:46] INFO: SECTOR_DONE: 156
[2025-05-19 21:45:46] INFO: SECTOR_DONE: 157
[2025-05-19 21:45:46] INFO: SECTOR_DONE: 158
[2025-05-19 21:45:46] INFO: SECTOR_DONE: 159
[2025-05-19 21:45:46] INFO: SECTOR_DONE: 160
[2025-05-19 21:45:46] INFO: SECTOR_DONE: 161
[2025-05-19 21:45:46] INFO: SECTOR_DONE: 162
[2025-05-19 21:45:46] INFO: SECTOR_DONE: 163
[2025-05-19 21:45:46] INFO: SECTOR_DONE: 164
[2025-05-19 21:45:46] INFO: SECTOR_DONE: 165
[2025-05-19 21:45:46] INFO: SECTOR_DONE: 166
[2025-05-19 21:45:46] INFO: SECTOR_DONE: 167
[2025-05-19 21:45:46] INFO: SECTOR_DONE: 168
[2025-05-19 21:45:46] INFO: SECTOR_DONE: 169
[2025-05-19 21:45:46] INFO: SECTOR_DONE: 170
[2025-05-19 21:45:50] INFO: SECTOR_DONE: 171
[2025-05-19 21:45:51] INFO: SECTOR_DONE: 172
[2025-05-19 21:45:51] INFO: SECTOR_DONE: 173
[2025-05-19 21:45:51] INFO: SECTOR_DONE: 174
[2025-05-19 21:45:51] INFO: SECTOR_DONE: 175
[2025-05-19 21:45:51] INFO: SECTOR_DONE: 176
[2025-05-19 21:45:51] INFO: SECTOR_DONE: 177
[2025-05-19 21:45:51] INFO: SECTOR_DONE: 178
[2025-05-19 21:45:51] INFO: SECTOR_DONE: 179
[2025-05-19 21:45:51] INFO: SECTOR_DONE: 180
[2025-05-19 21:45:51] INFO: SECTOR_DONE: 181
[2025-05-19 21:45:51] INFO: SECTOR_DONE: 182
[2025-05-19 21:45:51] INFO: SECTOR_DONE: 183
[2025-05-19 21:45:51] INFO: SECTOR_DONE: 184
[2025-05-19 21:45:51] INFO: SECTOR_DONE: 185
[2025-05-19 21:45:51] INFO: SECTOR_DONE: 186
[2025-05-19 21:45:51] INFO: SECTOR_DONE: 187
[2025-05-19 21:45:51] INFO: SECTOR_DONE: 188
[2025-05-19 21:45:51] INFO: SECTOR_DONE: 189
[2025-05-19 21:45:51] INFO: SECTOR_DONE: 190
[2025-05-19 21:45:51] INFO: SECTOR_DONE: 191
[2025-05-19 21:45:51] INFO: SECTOR_DONE: 192
[2025-05-19 21:45:51] INFO: SECTOR_DONE: 193
[2025-05-19 21:45:51] INFO: SECTOR_DONE: 194
[2025-05-19 21:45:51] INFO: SECTOR_DONE: 195
[2025-05-19 21:45:51] INFO: SECTOR_DONE: 196
[2025-05-19 21:45:52] INFO: SECTOR_DONE: 197
[2025-05-19 21:45:52] INFO: SECTOR_DONE: 198
[2025-05-19 21:45:52] INFO: SECTOR_DONE: 199
[2025-05-19 21:45:52] INFO: SECTOR_DONE: 200
[2025-05-19 21:45:52] INFO: SECTOR_DONE: 201
[2025-05-19 21:45:52] INFO: SECTOR_DONE: 202
[2025-05-19 21:45:52] INFO: SECTOR_DONE: 203
[2025-05-19 21:45:52] INFO: SECTOR_DONE: 204
[2025-05-19 21:45:52] INFO: SECTOR_DONE: 205
[2025-05-19 21:45:52] INFO: SECTOR_DONE: 206
[2025-05-19 21:45:52] INFO: SECTOR_DONE: 207
[2025-05-19 21:45:52] INFO: SECTOR_DONE: 208
[2025-05-19 21:45:52] INFO: SECTOR_DONE: 209
[2025-05-19 21:45:52] INFO: SECTOR_DONE: 210
[2025-05-19 21:45:52] INFO: SECTOR_DONE: 211
[2025-05-19 21:45:52] INFO: SECTOR_DONE: 212
[2025-05-19 21:45:52] INFO: SECTOR_DONE: 213
[2025-05-19 21:45:52] INFO: SECTOR_DONE: 214
[2025-05-19 21:45:52] INFO: SECTOR_DONE: 215
[2025-05-19 21:45:52] INFO: SECTOR_DONE: 216
[2025-05-19 21:45:52] INFO: SECTOR_DONE: 217
[2025-05-19 21:45:52] INFO: SECTOR_DONE: 218
[2025-05-19 21:45:52] INFO: SECTOR_DONE: 219
[2025-05-19 21:45:52] INFO: SECTOR_DONE: 220
[2025-05-19 21:45:52] INFO: SECTOR_DONE: 221
[2025-05-19 21:45:52] INFO: SECTOR_DONE: 222
[2025-05-19 21:45:52] INFO: SECTOR_DONE: 223
[2025-05-19 21:45:52] INFO: SECTOR_DONE: 224
[2025-05-19 21:45:52] INFO: SECTOR_DONE: 225
[2025-05-19 21:45:52] INFO: SECTOR_DONE: 226
[2025-05-19 21:45:52] INFO: SECTOR_DONE: 227
[2025-05-19 21:45:52] INFO: SECTOR_DONE: 228
[2025-05-19 21:45:52] INFO: SECTOR_DONE: 229
[2025-05-19 21:45:52] INFO: SECTOR_DONE: 230
[2025-05-19 21:45:52] INFO: SECTOR_DONE: 231
[2025-05-19 21:45:52] INFO: SECTOR_DONE: 232
[2025-05-19 21:45:52] INFO: SECTOR_DONE: 233
[2025-05-19 21:45:52] INFO: SECTOR_DONE: 234
[2025-05-19 21:45:52] INFO: SECTOR_DONE: 235
[2025-05-19 21:45:53] INFO: SECTOR_DONE: 236
[2025-05-19 21:45:53] INFO: SECTOR_DONE: 237
[2025-05-19 21:45:53] INFO: SECTOR_DONE: 238
[2025-05-19 21:45:53] INFO: SECTOR_DONE: 239
[2025-05-19 21:45:53] INFO: SECTOR_DONE: 240
[2025-05-19 21:45:53] INFO: SECTOR_DONE: 241
[2025-05-19 21:45:53] INFO: SECTOR_DONE: 242
[2025-05-19 21:45:53] INFO: SECTOR_DONE: 243
[2025-05-19 21:45:53] INFO: SECTOR_DONE: 244
[2025-05-19 21:45:53] INFO: SECTOR_DONE: 245
[2025-05-19 21:45:53] INFO: SECTOR_DONE: 246
[2025-05-19 21:45:53] INFO: SECTOR_DONE: 247
[2025-05-19 21:45:53] INFO: SECTOR_DONE: 248
[2025-05-19 21:45:53] INFO: SECTOR_DONE: 249
[2025-05-19 21:45:53] INFO: SECTOR_DONE: 250
[2025-05-19 21:45:53] INFO: SECTOR_DONE: 251
[2025-05-19 21:45:53] INFO: SECTOR_DONE: 252
[2025-05-19 21:45:53] INFO: SECTOR_DONE: 253
[2025-05-19 21:45:53] INFO: SECTOR_DONE: 254
[2025-05-19 21:45:53] INFO: SECTOR_DONE: 255
[2025-05-19 21:45:53] INFO: SECTOR_DONE: 256
[2025-05-19 21:45:53] INFO: SECTOR_DONE: 257
[2025-05-19 21:45:53] INFO: SECTOR_DONE: 258
[2025-05-19 21:45:53] INFO: SECTOR_DONE: 259
[2025-05-19 21:45:53] INFO: SECTOR_DONE: 260
[2025-05-19 21:45:53] INFO: SECTOR_DONE: 261
[2025-05-19 21:45:53] INFO: SECTOR_DONE: 262
[2025-05-19 21:45:53] INFO: SECTOR_DONE: 263
[2025-05-19 21:45:53] INFO: SECTOR_DONE: 264
[2025-05-19 21:45:53] INFO: SECTOR_DONE: 265
[2025-05-19 21:45:53] INFO: SECTOR_DONE: 266
[2025-05-19 21:45:53] INFO: SECTOR_DONE: 267
[2025-05-19 21:45:53] INFO: SECTOR_DONE: 268
[2025-05-19 21:45:53] INFO: SECTOR_DONE: 269
[2025-05-19 21:45:53] INFO: SECTOR_DONE: 270
[2025-05-19 21:45:53] INFO: SECTOR_DONE: 271
[2025-05-19 21:45:53] INFO: SECTOR_DONE: 272
[2025-05-19 21:45:53] INFO: SECTOR_DONE: 273
[2025-05-19 21:45:53] INFO: SECTOR_DONE: 274
[2025-05-19 21:45:54] INFO: SECTOR_DONE: 275
[2025-05-19 21:45:54] INFO: SECTOR_DONE: 276
[2025-05-19 21:45:54] INFO: SECTOR_DONE: 277
[2025-05-19 21:45:54] INFO: SECTOR_DONE: 278
[2025-05-19 21:45:54] INFO: SECTOR_DONE: 279
[2025-05-19 21:45:54] INFO: SECTOR_DONE: 280
[2025-05-19 21:45:54] INFO: SECTOR_DONE: 281
[2025-05-19 21:45:54] INFO: SECTOR_DONE: 282
[2025-05-19 21:45:54] INFO: SECTOR_DONE: 283
[2025-05-19 21:45:54] INFO: SECTOR_DONE: 284
[2025-05-19 21:45:54] INFO: SECTOR_DONE: 285
[2025-05-19 21:45:54] INFO: SECTOR_DONE: 286
[2025-05-19 21:45:54] INFO: SECTOR_DONE: 287
[2025-05-19 21:45:54] INFO: SECTOR_DONE: 288
[2025-05-19 21:45:54] INFO: SECTOR_DONE: 289
[2025-05-19 21:45:54] INFO: SECTOR_DONE: 290
[2025-05-19 21:45:54] INFO: SECTOR_DONE: 291
[2025-05-19 21:45:54] INFO: SECTOR_DONE: 292
[2025-05-19 21:45:54] INFO: SECTOR_DONE: 293
[2025-05-19 21:45:54] INFO: SECTOR_DONE: 294
[2025-05-19 21:45:54] INFO: SECTOR_DONE: 295
[2025-05-19 21:45:54] INFO: SECTOR_DONE: 296
[2025-05-19 21:45:54] INFO: SECTOR_DONE: 297
[2025-05-19 21:45:54] INFO: SECTOR_DONE: 298
[2025-05-19 21:45:54] INFO: SECTOR_DONE: 299
[2025-05-19 21:45:54] INFO: SECTOR_DONE: 300
[2025-05-19 21:45:54] INFO: SECTOR_DONE: 301
[2025-05-19 21:45:54] INFO: SECTOR_DONE: 302
[2025-05-19 21:45:54] INFO: SECTOR_DONE: 303
[2025-05-19 21:45:54] INFO: SECTOR_DONE: 304
[2025-05-19 21:45:54] INFO: SECTOR_DONE: 305
[2025-05-19 21:45:54] INFO: SECTOR_DONE: 306
[2025-05-19 21:45:54] INFO: SECTOR_DONE: 307
[2025-05-19 21:45:54] INFO: SECTOR_DONE: 308
[2025-05-19 21:45:54] INFO: SECTOR_DONE: 309
[2025-05-19 21:45:54] INFO: SECTOR_DONE: 310
[2025-05-19 21:45:54] INFO: SECTOR_DONE: 311
[2025-05-19 21:45:54] INFO: SECTOR_DONE: 312
[2025-05-19 21:45:54] INFO: SECTOR_DONE: 313
[2025-05-19 21:45:55] INFO: SECTOR_DONE: 314
[2025-05-19 21:45:55] INFO: SECTOR_DONE: 315
[2025-05-19 21:45:55] INFO: SECTOR_DONE: 316
[2025-05-19 21:45:55] INFO: SECTOR_DONE: 317
[2025-05-19 21:45:55] INFO: SECTOR_DONE: 318
[2025-05-19 21:45:55] INFO: SECTOR_DONE: 319
[2025-05-19 21:45:55] INFO: SECTOR_DONE: 320
[2025-05-19 21:45:55] INFO: SECTOR_DONE: 321
[2025-05-19 21:45:55] INFO: SECTOR_DONE: 322
[2025-05-19 21:45:55] INFO: SECTOR_DONE: 323
[2025-05-19 21:45:55] INFO: SECTOR_DONE: 324
[2025-05-19 21:45:55] INFO: SECTOR_DONE: 325
[2025-05-19 21:45:55] INFO: SECTOR_DONE: 326
[2025-05-19 21:45:55] INFO: SECTOR_DONE: 327
[2025-05-19 21:45:55] INFO: SECTOR_DONE: 328
[2025-05-19 21:45:55] INFO: SECTOR_DONE: 329
[2025-05-19 21:45:55] INFO: SECTOR_DONE: 330
[2025-05-19 21:45:55] INFO: SECTOR_DONE: 331
[2025-05-19 21:45:55] INFO: SECTOR_DONE: 332
[2025-05-19 21:45:55] INFO: SECTOR_DONE: 333
[2025-05-19 21:45:55] INFO: SECTOR_DONE: 334
[2025-05-19 21:45:55] INFO: SECTOR_DONE: 335
[2025-05-19 21:45:55] INFO: SECTOR_DONE: 336
[2025-05-19 21:45:55] INFO: SECTOR_DONE: 337
[2025-05-19 21:45:55] INFO: SECTOR_DONE: 338
[2025-05-19 21:45:55] INFO: SECTOR_DONE: 339
[2025-05-19 21:45:55] INFO: SECTOR_DONE: 340
[2025-05-19 21:45:55] INFO: SECTOR_DONE: 341
[2025-05-19 21:45:55] INFO: SECTOR_DONE: 342
[2025-05-19 21:45:55] INFO: SECTOR_DONE: 343
[2025-05-19 21:45:55] INFO: SECTOR_DONE: 344
[2025-05-19 21:45:55] INFO: SECTOR_DONE: 345
[2025-05-19 21:45:55] INFO: SECTOR_DONE: 346
[2025-05-19 21:45:55] INFO: SECTOR_DONE: 347
[2025-05-19 21:45:55] INFO: SECTOR_DONE: 348
[2025-05-19 21:45:55] INFO: SECTOR_DONE: 349
[2025-05-19 21:45:55] INFO: SECTOR_DONE: 350
[2025-05-19 21:45:55] INFO: SECTOR_DONE: 351
[2025-05-19 21:45:55] INFO: SECTOR_DONE: 352
[2025-05-19 21:45:56] INFO: SECTOR_DONE: 353
[2025-05-19 21:45:56] INFO: SECTOR_DONE: 354
[2025-05-19 21:45:56] INFO: SECTOR_DONE: 355
[2025-05-19 21:45:56] INFO: SECTOR_DONE: 356
[2025-05-19 21:45:56] INFO: SECTOR_DONE: 357
[2025-05-19 21:45:56] INFO: SECTOR_DONE: 358
[2025-05-19 21:45:56] INFO: SECTOR_DONE: 359
[2025-05-19 21:45:56] INFO: SECTOR_DONE: 360
[2025-05-19 21:45:56] INFO: SECTOR_DONE: 361
[2025-05-19 21:45:56] INFO: SECTOR_DONE: 362
[2025-05-19 21:45:56] INFO: SECTOR_DONE: 363
[2025-05-19 21:45:56] INFO: SECTOR_DONE: 364
[2025-05-19 21:45:56] INFO: SECTOR_DONE: 365
[2025-05-19 21:45:56] INFO: SECTOR_DONE: 366
[2025-05-19 21:45:56] INFO: SECTOR_DONE: 367
[2025-05-19 21:45:56] INFO: SECTOR_DONE: 368
[2025-05-19 21:45:56] INFO: SECTOR_DONE: 369
[2025-05-19 21:45:56] INFO: SECTOR_DONE: 370
[2025-05-19 21:45:56] INFO: SECTOR_DONE: 371
[2025-05-19 21:45:56] INFO: SECTOR_DONE: 372
[2025-05-19 21:45:56] INFO: SECTOR_DONE: 373
[2025-05-19 21:45:56] INFO: SECTOR_DONE: 374
[2025-05-19 21:45:56] INFO: SECTOR_DONE: 375
[2025-05-19 21:45:56] INFO: SECTOR_DONE: 376
[2025-05-19 21:45:56] INFO: SECTOR_DONE: 377
[2025-05-19 21:45:56] INFO: SECTOR_DONE: 378
[2025-05-19 21:45:56] INFO: SECTOR_DONE: 379
[2025-05-19 21:45:56] INFO: SECTOR_DONE: 380
[2025-05-19 21:45:56] INFO: SECTOR_DONE: 381
[2025-05-19 21:45:56] INFO: SECTOR_DONE: 382
[2025-05-19 21:45:56] INFO: SECTOR_DONE: 383
[2025-05-19 21:45:56] INFO: SECTOR_DONE: 384
[2025-05-19 21:45:56] INFO: SECTOR_DONE: 385
[2025-05-19 21:45:56] INFO: SECTOR_DONE: 386
[2025-05-19 21:45:56] INFO: SECTOR_DONE: 387
[2025-05-19 21:45:56] INFO: SECTOR_DONE: 388
[2025-05-19 21:45:56] INFO: SECTOR_DONE: 389
[2025-05-19 21:45:56] INFO: SECTOR_DONE: 390
[2025-05-19 21:45:56] INFO: SECTOR_DONE: 391
[2025-05-19 21:45:56] INFO: SECTOR_DONE: 392
[2025-05-19 21:45:57] INFO: SECTOR_DONE: 393
[2025-05-19 21:45:57] INFO: SECTOR_DONE: 394
[2025-05-19 21:45:57] INFO: SECTOR_DONE: 395
[2025-05-19 21:45:57] INFO: SECTOR_DONE: 396
[2025-05-19 21:45:57] INFO: SECTOR_DONE: 397
[2025-05-19 21:45:57] INFO: SECTOR_DONE: 398
[2025-05-19 21:45:57] INFO: SECTOR_DONE: 399
[2025-05-19 21:45:57] INFO: SECTOR_DONE: 400
[2025-05-19 21:45:57] INFO: SECTOR_DONE: 401
[2025-05-19 21:45:57] INFO: SECTOR_DONE: 402
[2025-05-19 21:45:57] INFO: SECTOR_DONE: 403
[2025-05-19 21:45:57] INFO: SECTOR_DONE: 404
[2025-05-19 21:45:57] INFO: SECTOR_DONE: 405
[2025-05-19 21:45:57] INFO: SECTOR_DONE: 406
[2025-05-19 21:45:57] INFO: SECTOR_DONE: 407
[2025-05-19 21:45:57] INFO: SECTOR_DONE: 408
[2025-05-19 21:45:57] INFO: SECTOR_DONE: 409
[2025-05-19 21:45:57] INFO: SECTOR_DONE: 410
[2025-05-19 21:45:57] INFO: SECTOR_DONE: 411
[2025-05-19 21:45:57] INFO: SECTOR_DONE: 412
[2025-05-19 21:45:57] INFO: SECTOR_DONE: 413
[2025-05-19 21:45:57] INFO: SECTOR_DONE: 414
[2025-05-19 21:45:57] INFO: SECTOR_DONE: 415
[2025-05-19 21:45:57] INFO: SECTOR_DONE: 416
[2025-05-19 21:45:57] INFO: SECTOR_DONE: 417
[2025-05-19 21:45:57] INFO: SECTOR_DONE: 418
[2025-05-19 21:45:57] INFO: SECTOR_DONE: 419
[2025-05-19 21:45:57] INFO: SECTOR_DONE: 420
[2025-05-19 21:45:57] INFO: SECTOR_DONE: 421
[2025-05-19 21:45:57] INFO: SECTOR_DONE: 422
[2025-05-19 21:45:57] INFO: SECTOR_DONE: 423
[2025-05-19 21:45:57] INFO: SECTOR_DONE: 424
[2025-05-19 21:45:57] INFO: SECTOR_DONE: 425
[2025-05-19 21:45:57] INFO: SECTOR_DONE: 426
[2025-05-19 21:45:57] INFO: SECTOR_DONE: 427
[2025-05-19 21:45:57] INFO: SECTOR_DONE: 428
[2025-05-19 21:45:57] INFO: SECTOR_DONE: 429
[2025-05-19 21:45:57] INFO: SECTOR_DONE: 430
[2025-05-19 21:45:57] INFO: SECTOR_DONE: 431
[2025-05-19 21:45:58] INFO: SECTOR_DONE: 432
[2025-05-19 21:45:58] INFO: SECTOR_DONE: 433
[2025-05-19 21:45:58] INFO: SECTOR_DONE: 434
[2025-05-19 21:45:58] INFO: SECTOR_DONE: 435
[2025-05-19 21:45:58] INFO: SECTOR_DONE: 436
[2025-05-19 21:45:58] INFO: SECTOR_DONE: 437
[2025-05-19 21:45:58] INFO: SECTOR_DONE: 438
[2025-05-19 21:45:58] INFO: SECTOR_DONE: 439
[2025-05-19 21:45:58] INFO: SECTOR_DONE: 440
[2025-05-19 21:45:58] INFO: SECTOR_DONE: 441
[2025-05-19 21:45:58] INFO: SECTOR_DONE: 442
[2025-05-19 21:45:58] INFO: SECTOR_DONE: 443
[2025-05-19 21:45:58] INFO: SECTOR_DONE: 444
[2025-05-19 21:45:58] INFO: SECTOR_DONE: 445
[2025-05-19 21:45:58] INFO: SECTOR_DONE: 446
[2025-05-19 21:45:58] INFO: SECTOR_DONE: 447
[2025-05-19 21:45:58] INFO: SECTOR_DONE: 448
[2025-05-19 21:45:58] INFO: SECTOR_DONE: 449
[2025-05-19 21:45:58] INFO: SECTOR_DONE: 450
[2025-05-19 21:45:58] INFO: SECTOR_DONE: 451
[2025-05-19 21:45:58] INFO: SECTOR_DONE: 452
[2025-05-19 21:45:58] INFO: SECTOR_DONE: 453
[2025-05-19 21:45:58] INFO: SECTOR_DONE: 454
[2025-05-19 21:45:58] INFO: SECTOR_DONE: 455
[2025-05-19 21:45:58] INFO: SECTOR_DONE: 456
[2025-05-19 21:45:58] INFO: SECTOR_DONE: 457
[2025-05-19 21:45:58] INFO: SECTOR_DONE: 458
[2025-05-19 21:45:58] INFO: SECTOR_DONE: 459
[2025-05-19 21:45:58] INFO: SECTOR_DONE: 460
[2025-05-19 21:45:58] INFO: SECTOR_DONE: 461
[2025-05-19 21:45:58] INFO: SECTOR_DONE: 462
[2025-05-19 21:45:58] INFO: SECTOR_DONE: 463
[2025-05-19 21:45:58] INFO: SECTOR_DONE: 464
[2025-05-19 21:45:58] INFO: SECTOR_DONE: 465
[2025-05-19 21:45:58] INFO: SECTOR_DONE: 466
[2025-05-19 21:45:58] INFO: SECTOR_DONE: 467
[2025-05-19 21:45:58] INFO: SECTOR_DONE: 468
[2025-05-19 21:45:58] INFO: SECTOR_DONE: 469
[2025-05-19 21:45:58] INFO: SECTOR_DONE: 470
[2025-05-19 21:45:59] INFO: SECTOR_DONE: 471
[2025-05-19 21:45:59] INFO: SECTOR_DONE: 472
[2025-05-19 21:45:59] INFO: SECTOR_DONE: 473
[2025-05-19 21:45:59] INFO: SECTOR_DONE: 474
[2025-05-19 21:45:59] INFO: SECTOR_DONE: 475
[2025-05-19 21:45:59] INFO: SECTOR_DONE: 476
[2025-05-19 21:45:59] INFO: SECTOR_DONE: 477
[2025-05-19 21:45:59] INFO: SECTOR_DONE: 478
[2025-05-19 21:45:59] INFO: SECTOR_DONE: 479
[2025-05-19 21:45:59] INFO: SECTOR_DONE: 480
[2025-05-19 21:45:59] INFO: SECTOR_DONE: 481
[2025-05-19 21:45:59] INFO: SECTOR_DONE: 482
[2025-05-19 21:45:59] INFO: SECTOR_DONE: 483
[2025-05-19 21:45:59] INFO: SECTOR_DONE: 484
[2025-05-19 21:45:59] INFO: SECTOR_DONE: 485
[2025-05-19 21:45:59] INFO: SECTOR_DONE: 486
[2025-05-19 21:45:59] INFO: SECTOR_DONE: 487
[2025-05-19 21:45:59] INFO: SECTOR_DONE: 488
[2025-05-19 21:45:59] INFO: SECTOR_DONE: 489
[2025-05-19 21:45:59] INFO: SECTOR_DONE: 490
[2025-05-19 21:45:59] INFO: SECTOR_DONE: 491
[2025-05-19 21:45:59] INFO: SECTOR_DONE: 492
[2025-05-19 21:45:59] INFO: SECTOR_DONE: 493
[2025-05-19 21:45:59] INFO: SECTOR_DONE: 494
[2025-05-19 21:45:59] INFO: SECTOR_DONE: 495
[2025-05-19 21:45:59] INFO: SECTOR_DONE: 496
[2025-05-19 21:45:59] INFO: SECTOR_DONE: 497
[2025-05-19 21:45:59] INFO: SECTOR_DONE: 498
[2025-05-19 21:45:59] INFO: SECTOR_DONE: 499
[2025-05-19 21:45:59] INFO: SECTOR_DONE: 500
[2025-05-19 21:45:59] INFO: SECTOR_DONE: 501
[2025-05-19 21:45:59] INFO: SECTOR_DONE: 502
[2025-05-19 21:45:59] INFO: SECTOR_DONE: 503
[2025-05-19 21:45:59] INFO: SECTOR_DONE: 504
[2025-05-19 21:45:59] INFO: SECTOR_DONE: 505
[2025-05-19 21:45:59] INFO: SECTOR_DONE: 506
[2025-05-19 21:45:59] INFO: SECTOR_DONE: 507
[2025-05-19 21:45:59] INFO: SECTOR_DONE: 508
[2025-05-19 21:46:00] INFO: SECTOR_DONE: 509
[2025-05-19 21:46:00] INFO: SECTOR_DONE: 510
[2025-05-19 21:46:01] INFO: SECTOR_DONE: 511
[2025-05-19 21:46:01] INFO: SECTOR_DONE: 512
[2025-05-19 21:46:01] INFO: SECTOR_DONE: 513
[2025-05-19 21:46:01] INFO: SECTOR_DONE: 514
[2025-05-19 21:46:02] INFO: SECTOR_DONE: 515
[2025-05-19 21:46:02] INFO: SECTOR_DONE: 516
[2025-05-19 21:46:02] INFO: SECTOR_DONE: 517
[2025-05-19 21:46:07] INFO: SECTOR_DONE: 518
[2025-05-19 21:46:07] INFO: SECTOR_DONE: 519
[2025-05-19 21:46:07] INFO: SECTOR_DONE: 520
[2025-05-19 21:46:07] INFO: SECTOR_DONE: 521
[2025-05-19 21:46:07] INFO: SECTOR_DONE: 522
[2025-05-19 21:46:07] INFO: SECTOR_DONE: 523
[2025-05-19 21:46:08] INFO: SECTOR_DONE: 524
[2025-05-19 21:46:08] INFO: SECTOR_DONE: 525
[2025-05-19 21:46:08] INFO: SECTOR_DONE: 526
[2025-05-19 21:46:08] INFO: SECTOR_DONE: 527
[2025-05-19 21:46:08] INFO: SECTOR_DONE: 528
[2025-05-19 21:46:08] INFO: SECTOR_DONE: 529
[2025-05-19 21:46:08] INFO: SECTOR_DONE: 530
[2025-05-19 21:46:08] INFO: SECTOR_DONE: 531
[2025-05-19 21:46:08] INFO: SECTOR_DONE: 532
[2025-05-19 21:46:08] INFO: SECTOR_DONE: 533
[2025-05-19 21:46:08] INFO: SECTOR_DONE: 534
[2025-05-19 21:46:08] INFO: SECTOR_DONE: 535
[2025-05-19 21:46:08] INFO: SECTOR_DONE: 536
[2025-05-19 21:46:08] INFO: SECTOR_DONE: 537
[2025-05-19 21:46:08] INFO: SECTOR_DONE: 538
[2025-05-19 21:46:08] INFO: SECTOR_DONE: 539
[2025-05-19 21:46:08] INFO: SECTOR_DONE: 540
[2025-05-19 21:46:08] INFO: SECTOR_DONE: 541
[2025-05-19 21:46:08] INFO: SECTOR_DONE: 542
[2025-05-19 21:46:08] INFO: SECTOR_DONE: 543
[2025-05-19 21:46:08] INFO: SECTOR_DONE: 544
[2025-05-19 21:46:08] INFO: SECTOR_DONE: 545
[2025-05-19 21:46:08] INFO: SECTOR_DONE: 546
[2025-05-19 21:46:08] INFO: SECTOR_DONE: 547
[2025-05-19 21:46:08] INFO: SECTOR_DONE: 548
[2025-05-19 21:46:08] INFO: SECTOR_DONE: 549
[2025-05-19 21:46:08] INFO: SECTOR_DONE: 550
[2025-05-19 21:46:08] INFO: SECTOR_DONE: 551
[2025-05-19 21:46:08] INFO: SECTOR_DONE: 552
[2025-05-19 21:46:08] INFO: SECTOR_DONE: 553
[2025-05-19 21:46:08] INFO: SECTOR_DONE: 554
[2025-05-19 21:46:08] INFO: SECTOR_DONE: 555
[2025-05-19 21:46:08] INFO: SECTOR_DONE: 556
[2025-05-19 21:46:08] INFO: SECTOR_DONE: 557
[2025-05-19 21:46:08] INFO: SECTOR_DONE: 558
[2025-05-19 21:46:08] INFO: SECTOR_DONE: 559
[2025-05-19 21:46:08] INFO: SECTOR_DONE: 560
[2025-05-19 21:46:08] INFO: SECTOR_DONE: 561
[2025-05-19 21:46:08] INFO: SECTOR_DONE: 562
[2025-05-19 21:46:09] INFO: SECTOR_DONE: 563
[2025-05-19 21:46:09] INFO: SECTOR_DONE: 564
[2025-05-19 21:46:09] INFO: SECTOR_DONE: 565
[2025-05-19 21:46:09] INFO: SECTOR_DONE: 566
[2025-05-19 21:46:09] INFO: SECTOR_DONE: 567
[2025-05-19 21:46:09] INFO: SECTOR_DONE: 568
[2025-05-19 21:46:09] INFO: SECTOR_DONE: 569
[2025-05-19 21:46:09] INFO: SECTOR_DONE: 570
[2025-05-19 21:46:09] INFO: SECTOR_DONE: 571
[2025-05-19 21:46:09] INFO: SECTOR_DONE: 572
[2025-05-19 21:46:09] INFO: SECTOR_DONE: 573
[2025-05-19 21:46:09] INFO: SECTOR_DONE: 574
[2025-05-19 21:46:09] INFO: SECTOR_DONE: 575
[2025-05-19 21:46:09] INFO: SECTOR_DONE: 576
[2025-05-19 21:46:09] INFO: SECTOR_DONE: 577
[2025-05-19 21:46:09] INFO: SECTOR_DONE: 578
[2025-05-19 21:46:09] INFO: SECTOR_DONE: 579
[2025-05-19 21:46:09] INFO: SECTOR_DONE: 580
[2025-05-19 21:46:09] INFO: SECTOR_DONE: 581
[2025-05-19 21:46:09] INFO: SECTOR_DONE: 582
[2025-05-19 21:46:09] INFO: SECTOR_DONE: 583
[2025-05-19 21:46:09] INFO: SECTOR_DONE: 584
[2025-05-19 21:46:09] INFO: SECTOR_DONE: 585
[2025-05-19 21:46:09] INFO: SECTOR_DONE: 586
[2025-05-19 21:46:09] INFO: SECTOR_DONE: 587
[2025-05-19 21:46:09] INFO: SECTOR_DONE: 588
[2025-05-19 21:46:09] INFO: SECTOR_DONE: 589
[2025-05-19 21:46:09] INFO: SECTOR_DONE: 590
[2025-05-19 21:46:09] INFO: SECTOR_DONE: 591
[2025-05-19 21:46:09] INFO: SECTOR_DONE: 592
[2025-05-19 21:46:09] INFO: SECTOR_DONE: 593
[2025-05-19 21:46:09] INFO: SECTOR_DONE: 594
[2025-05-19 21:46:09] INFO: SECTOR_DONE: 595
[2025-05-19 21:46:09] INFO: SECTOR_DONE: 596
[2025-05-19 21:46:09] INFO: SECTOR_DONE: 597
[2025-05-19 21:46:09] INFO: SECTOR_DONE: 598
[2025-05-19 21:46:09] INFO: SECTOR_DONE: 599
[2025-05-19 21:46:09] INFO: SECTOR_DONE: 600
[2025-05-19 21:46:09] INFO: SECTOR_DONE: 601
[2025-05-19 21:46:10] INFO: SECTOR_DONE: 602
[2025-05-19 21:46:10] INFO: SECTOR_DONE: 603
[2025-05-19 21:46:10] INFO: SECTOR_DONE: 604
[2025-05-19 21:46:10] INFO: SECTOR_DONE: 605
[2025-05-19 21:46:10] INFO: SECTOR_DONE: 606
[2025-05-19 21:46:10] INFO: SECTOR_DONE: 607
[2025-05-19 21:46:10] INFO: SECTOR_DONE: 608
[2025-05-19 21:46:10] INFO: SECTOR_DONE: 609
[2025-05-19 21:46:10] INFO: SECTOR_DONE: 610
[2025-05-19 21:46:10] INFO: SECTOR_DONE: 611
[2025-05-19 21:46:10] INFO: SECTOR_DONE: 612
[2025-05-19 21:46:10] INFO: SECTOR_DONE: 613
[2025-05-19 21:46:10] INFO: SECTOR_DONE: 614
[2025-05-19 21:46:10] INFO: SECTOR_DONE: 615
[2025-05-19 21:46:10] INFO: SECTOR_DONE: 616
[2025-05-19 21:46:10] INFO: SECTOR_DONE: 617
[2025-05-19 21:46:10] INFO: SECTOR_DONE: 618
[2025-05-19 21:46:10] INFO: SECTOR_DONE: 619
[2025-05-19 21:46:10] INFO: SECTOR_DONE: 620
[2025-05-19 21:46:10] INFO: SECTOR_DONE: 621
[2025-05-19 21:46:10] INFO: SECTOR_DONE: 622
[2025-05-19 21:46:10] INFO: SECTOR_DONE: 623
[2025-05-19 21:46:10] INFO: SECTOR_DONE: 624
[2025-05-19 21:46:10] INFO: SECTOR_DONE: 625
[2025-05-19 21:46:10] INFO: SECTOR_DONE: 626
[2025-05-19 21:46:11] INFO: SECTOR_DONE: 627
[2025-05-19 21:46:11] INFO: SECTOR_DONE: 628
[2025-05-19 21:46:11] INFO: SECTOR_DONE: 629
[2025-05-19 21:46:11] INFO: SECTOR_DONE: 630
[2025-05-19 21:46:11] INFO: SECTOR_DONE: 631
[2025-05-19 21:46:11] INFO: SECTOR_DONE: 632
[2025-05-19 21:46:11] INFO: SECTOR_DONE: 633
[2025-05-19 21:46:11] INFO: SECTOR_DONE: 634
[2025-05-19 21:46:11] INFO: SECTOR_DONE: 635
[2025-05-19 21:46:11] INFO: SECTOR_DONE: 636
[2025-05-19 21:46:11] INFO: SECTOR_DONE: 637
[2025-05-19 21:46:11] INFO: SECTOR_DONE: 638
[2025-05-19 21:46:11] INFO: SECTOR_DONE: 639
[2025-05-19 21:46:11] INFO: SECTOR_DONE: 640
[2025-05-19 21:46:11] INFO: SECTOR_DONE: 641
[2025-05-19 21:46:11] INFO: SECTOR_DONE: 642
[2025-05-19 21:46:11] INFO: SECTOR_DONE: 643
[2025-05-19 21:46:11] INFO: SECTOR_DONE: 644
[2025-05-19 21:46:11] INFO: SECTOR_DONE: 645
[2025-05-19 21:46:11] INFO: SECTOR_DONE: 646
[2025-05-19 21:46:11] INFO: SECTOR_DONE: 647
[2025-05-19 21:46:12] INFO: SECTOR_DONE: 648
[2025-05-19 21:46:12] INFO: SECTOR_DONE: 649
[2025-05-19 21:46:12] INFO: SECTOR_DONE: 650
[2025-05-19 21:46:12] INFO: SECTOR_DONE: 651
[2025-05-19 21:46:12] INFO: SECTOR_DONE: 652
[2025-05-19 21:46:12] INFO: SECTOR_DONE: 653
[2025-05-19 21:46:12] INFO: SECTOR_DONE: 654
[2025-05-19 21:46:12] INFO: SECTOR_DONE: 655
[2025-05-19 21:46:12] INFO: SECTOR_DONE: 656
[2025-05-19 21:46:12] INFO: SECTOR_DONE: 657
[2025-05-19 21:46:12] INFO: SECTOR_DONE: 658
[2025-05-19 21:46:12] INFO: SECTOR_DONE: 659
[2025-05-19 21:46:12] INFO: SECTOR_DONE: 660
[2025-05-19 21:46:12] INFO: SECTOR_DONE: 661
[2025-05-19 21:46:12] INFO: SECTOR_DONE: 662
[2025-05-19 21:46:12] INFO: SECTOR_DONE: 663
[2025-05-19 21:46:12] INFO: SECTOR_DONE: 664
[2025-05-19 21:46:12] INFO: SECTOR_DONE: 665
[2025-05-19 21:46:12] INFO: SECTOR_DONE: 666
[2025-05-19 21:46:12] INFO: SECTOR_DONE: 667
[2025-05-19 21:46:13] INFO: SECTOR_DONE: 668
[2025-05-19 21:46:13] INFO: SECTOR_DONE: 669
[2025-05-19 21:46:13] INFO: SECTOR_DONE: 670
[2025-05-19 21:46:13] INFO: SECTOR_DONE: 671
[2025-05-19 21:46:13] INFO: SECTOR_DONE: 672
[2025-05-19 21:46:13] INFO: SECTOR_DONE: 673
[2025-05-19 21:46:13] INFO: SECTOR_DONE: 674
[2025-05-19 21:46:13] INFO: SECTOR_DONE: 675
[2025-05-19 21:46:13] INFO: SECTOR_DONE: 676
[2025-05-19 21:46:13] INFO: SECTOR_DONE: 677
[2025-05-19 21:46:13] INFO: SECTOR_DONE: 678
[2025-05-19 21:46:13] INFO: SECTOR_DONE: 679
[2025-05-19 21:46:13] INFO: SECTOR_DONE: 680
[2025-05-19 21:46:13] INFO: SECTOR_DONE: 681
[2025-05-19 21:46:13] INFO: SECTOR_DONE: 682
[2025-05-19 21:46:13] INFO: SECTOR_DONE: 683
[2025-05-19 21:46:13] INFO: SECTOR_DONE: 684
[2025-05-19 21:46:13] INFO: SECTOR_DONE: 685
[2025-05-19 21:46:13] INFO: SECTOR_DONE: 686
[2025-05-19 21:46:13] INFO: SECTOR_DONE: 687
[2025-05-19 21:46:13] INFO: SECTOR_DONE: 688
[2025-05-19 21:46:13] INFO: SECTOR_DONE: 689
[2025-05-19 21:46:13] INFO: SECTOR_DONE: 690
[2025-05-19 21:46:13] INFO: SECTOR_DONE: 691
[2025-05-19 21:46:13] INFO: SECTOR_DONE: 692
[2025-05-19 21:46:13] INFO: SECTOR_DONE: 693
[2025-05-19 21:46:13] INFO: SECTOR_DONE: 694
[2025-05-19 21:46:13] INFO: SECTOR_DONE: 695
[2025-05-19 21:46:13] INFO: SECTOR_DONE: 696
[2025-05-19 21:46:13] INFO: SECTOR_DONE: 697
[2025-05-19 21:46:13] INFO: SECTOR_DONE: 698
[2025-05-19 21:46:13] INFO: SECTOR_DONE: 699
[2025-05-19 21:46:13] INFO: SECTOR_DONE: 700
[2025-05-19 21:46:13] INFO: SECTOR_DONE: 701
[2025-05-19 21:46:13] INFO: SECTOR_DONE: 702
[2025-05-19 21:46:13] INFO: SECTOR_DONE: 703
[2025-05-19 21:46:13] INFO: SECTOR_DONE: 704
[2025-05-19 21:46:13] INFO: SECTOR_DONE: 705
[2025-05-19 21:46:14] INFO: SECTOR_DONE: 706
[2025-05-19 21:46:14] INFO: SECTOR_DONE: 707
[2025-05-19 21:46:14] INFO: SECTOR_DONE: 708
[2025-05-19 21:46:14] INFO: SECTOR_DONE: 709
[2025-05-19 21:46:14] INFO: SECTOR_DONE: 710
[2025-05-19 21:46:14] INFO: SECTOR_DONE: 711
[2025-05-19 21:46:14] INFO: SECTOR_DONE: 712
[2025-05-19 21:46:14] INFO: SECTOR_DONE: 713
[2025-05-19 21:46:14] INFO: SECTOR_DONE: 714
[2025-05-19 21:46:14] INFO: SECTOR_DONE: 715
[2025-05-19 21:46:14] INFO: SECTOR_DONE: 716
[2025-05-19 21:46:14] INFO: SECTOR_DONE: 717
[2025-05-19 21:46:14] INFO: SECTOR_DONE: 718
[2025-05-19 21:46:14] INFO: SECTOR_DONE: 719
[2025-05-19 21:46:15] INFO: SECTOR_DONE: 720
[2025-05-19 21:46:15] INFO: SECTOR_DONE: 721
[2025-05-19 21:46:15] INFO: SECTOR_DONE: 722
[2025-05-19 21:46:15] INFO: SECTOR_DONE: 723
[2025-05-19 21:46:15] INFO: SECTOR_DONE: 724
[2025-05-19 21:46:15] INFO: SECTOR_DONE: 725
[2025-05-19 21:46:15] INFO: SECTOR_DONE: 726
[2025-05-19 21:46:15] INFO: SECTOR_DONE: 727
[2025-05-19 21:46:15] INFO: SECTOR_DONE: 728
[2025-05-19 21:46:15] INFO: SECTOR_DONE: 729
[2025-05-19 21:46:15] INFO: SECTOR_DONE: 730
[2025-05-19 21:46:15] INFO: SECTOR_DONE: 731
[2025-05-19 21:46:15] INFO: SECTOR_DONE: 732
[2025-05-19 21:46:15] INFO: SECTOR_DONE: 733
[2025-05-19 21:46:15] INFO: SECTOR_DONE: 734
[2025-05-19 21:46:15] INFO: SECTOR_DONE: 735
[2025-05-19 21:46:16] INFO: SECTOR_DONE: 736
[2025-05-19 21:46:16] INFO: SECTOR_DONE: 737
[2025-05-19 21:46:16] INFO: SECTOR_DONE: 738
[2025-05-19 21:46:16] INFO: SECTOR_DONE: 739
[2025-05-19 21:46:16] INFO: SECTOR_DONE: 740
[2025-05-19 21:46:16] INFO: SECTOR_DONE: 741
[2025-05-19 21:46:16] INFO: SECTOR_DONE: 742
[2025-05-19 21:46:16] INFO: SECTOR_DONE: 743
[2025-05-19 21:46:16] INFO: SECTOR_DONE: 744
[2025-05-19 21:46:16] INFO: SECTOR_DONE: 745
[2025-05-19 21:46:16] INFO: SECTOR_DONE: 746
[2025-05-19 21:46:16] INFO: SECTOR_DONE: 747
[2025-05-19 21:46:16] INFO: SECTOR_DONE: 748
[2025-05-19 21:46:16] INFO: SECTOR_DONE: 749
[2025-05-19 21:46:16] INFO: SECTOR_DONE: 750
[2025-05-19 21:46:16] INFO: SECTOR_DONE: 751
[2025-05-19 21:46:16] INFO: SECTOR_DONE: 752
[2025-05-19 21:46:16] INFO: SECTOR_DONE: 753
[2025-05-19 21:46:16] INFO: SECTOR_DONE: 754
[2025-05-19 21:46:16] INFO: SECTOR_DONE: 755
[2025-05-19 21:46:16] INFO: SECTOR_DONE: 756
[2025-05-19 21:46:16] INFO: SECTOR_DONE: 757
[2025-05-19 21:46:16] INFO: SECTOR_DONE: 758
[2025-05-19 21:46:16] INFO: SECTOR_DONE: 759
[2025-05-19 21:46:16] INFO: SECTOR_DONE: 760
[2025-05-19 21:46:16] INFO: SECTOR_DONE: 761
[2025-05-19 21:46:16] INFO: SECTOR_DONE: 762
[2025-05-19 21:46:16] INFO: SECTOR_DONE: 763
[2025-05-19 21:46:16] INFO: SECTOR_DONE: 764
[2025-05-19 21:46:16] INFO: SECTOR_DONE: 765
[2025-05-19 21:46:16] INFO: SECTOR_DONE: 766
[2025-05-19 21:46:16] INFO: SECTOR_DONE: 767
[2025-05-19 21:46:16] INFO: SECTOR_DONE: 768
[2025-05-19 21:46:16] INFO: SECTOR_DONE: 769
[2025-05-19 21:46:16] INFO: SECTOR_DONE: 770
[2025-05-19 21:46:16] INFO: SECTOR_DONE: 771
[2025-05-19 21:46:20] INFO: SECTOR_DONE: 772
[2025-05-19 21:46:21] INFO: SECTOR_DONE: 773
[2025-05-19 21:46:21] INFO: SECTOR_DONE: 774
[2025-05-19 21:46:21] INFO: SECTOR_DONE: 775
[2025-05-19 21:46:21] INFO: SECTOR_DONE: 776
[2025-05-19 21:46:21] INFO: SECTOR_DONE: 777
[2025-05-19 21:46:21] INFO: SECTOR_DONE: 778
[2025-05-19 21:46:21] INFO: SECTOR_DONE: 779
[2025-05-19 21:46:21] INFO: SECTOR_DONE: 780
[2025-05-19 21:46:21] INFO: SECTOR_DONE: 781
[2025-05-19 21:46:21] INFO: SECTOR_DONE: 782
[2025-05-19 21:46:21] INFO: SECTOR_DONE: 783
[2025-05-19 21:46:21] INFO: SECTOR_DONE: 784
[2025-05-19 21:46:21] INFO: SECTOR_DONE: 785
[2025-05-19 21:46:21] INFO: SECTOR_DONE: 786
[2025-05-19 21:46:21] INFO: SECTOR_DONE: 787
[2025-05-19 21:46:21] INFO: SECTOR_DONE: 788
[2025-05-19 21:46:21] INFO: SECTOR_DONE: 789
[2025-05-19 21:46:21] INFO: SECTOR_DONE: 790
[2025-05-19 21:46:21] INFO: SECTOR_DONE: 791
[2025-05-19 21:46:21] INFO: SECTOR_DONE: 792
[2025-05-19 21:46:21] INFO: SECTOR_DONE: 793
[2025-05-19 21:46:21] INFO: SECTOR_DONE: 794
[2025-05-19 21:46:21] INFO: SECTOR_DONE: 795
[2025-05-19 21:46:21] INFO: SECTOR_DONE: 796
[2025-05-19 21:46:21] INFO: SECTOR_DONE: 797
[2025-05-19 21:46:21] INFO: SECTOR_DONE: 798
[2025-05-19 21:46:21] INFO: SECTOR_DONE: 799
[2025-05-19 21:46:21] INFO: SECTOR_DONE: 800
[2025-05-19 21:46:21] INFO: SECTOR_DONE: 801
[2025-05-19 21:46:21] INFO: SECTOR_DONE: 802
[2025-05-19 21:46:21] INFO: SECTOR_DONE: 803
[2025-05-19 21:46:21] INFO: SECTOR_DONE: 804
[2025-05-19 21:46:21] INFO: SECTOR_DONE: 805
[2025-05-19 21:46:21] INFO: SECTOR_DONE: 806
[2025-05-19 21:46:21] INFO: SECTOR_DONE: 807
[2025-05-19 21:46:21] INFO: SECTOR_DONE: 808
[2025-05-19 21:46:21] INFO: SECTOR_DONE: 809
[2025-05-19 21:46:21] INFO: SECTOR_DONE: 810
[2025-05-19 21:46:21] INFO: SECTOR_DONE: 811
[2025-05-19 21:46:22] INFO: SECTOR_DONE: 812
[2025-05-19 21:46:22] INFO: SECTOR_DONE: 813
[2025-05-19 21:46:22] INFO: SECTOR_DONE: 814
[2025-05-19 21:46:22] INFO: SECTOR_DONE: 815
[2025-05-19 21:46:22] INFO: SECTOR_DONE: 816
[2025-05-19 21:46:22] INFO: SECTOR_DONE: 817
[2025-05-19 21:46:22] INFO: SECTOR_DONE: 818
[2025-05-19 21:46:22] INFO: SECTOR_DONE: 819
[2025-05-19 21:46:22] INFO: SECTOR_DONE: 820
[2025-05-19 21:46:22] INFO: SECTOR_DONE: 821
[2025-05-19 21:46:22] INFO: SECTOR_DONE: 822
[2025-05-19 21:46:22] INFO: SECTOR_DONE: 823
[2025-05-19 21:46:22] INFO: SECTOR_DONE: 824
[2025-05-19 21:46:22] INFO: SECTOR_DONE: 825
[2025-05-19 21:46:22] INFO: SECTOR_DONE: 826
[2025-05-19 21:46:22] INFO: SECTOR_DONE: 827
[2025-05-19 21:46:22] INFO: SECTOR_DONE: 828
[2025-05-19 21:46:22] INFO: SECTOR_DONE: 829
[2025-05-19 21:46:22] INFO: SECTOR_DONE: 830
[2025-05-19 21:46:22] INFO: SECTOR_DONE: 831
[2025-05-19 21:46:22] INFO: SECTOR_DONE: 832
[2025-05-19 21:46:22] INFO: SECTOR_DONE: 833
[2025-05-19 21:46:22] INFO: SECTOR_DONE: 834
[2025-05-19 21:46:22] INFO: SECTOR_DONE: 835
[2025-05-19 21:46:22] INFO: SECTOR_DONE: 836
[2025-05-19 21:46:22] INFO: SECTOR_DONE: 837
[2025-05-19 21:46:22] INFO: SECTOR_DONE: 838
[2025-05-19 21:46:22] INFO: SECTOR_DONE: 839
[2025-05-19 21:46:22] INFO: SECTOR_DONE: 840
[2025-05-19 21:46:22] INFO: SECTOR_DONE: 841
[2025-05-19 21:46:22] INFO: SECTOR_DONE: 842
[2025-05-19 21:46:22] INFO: SECTOR_DONE: 843
[2025-05-19 21:46:22] INFO: SECTOR_DONE: 844
[2025-05-19 21:46:22] INFO: SECTOR_DONE: 845
[2025-05-19 21:46:22] INFO: SECTOR_DONE: 846
[2025-05-19 21:46:22] INFO: SECTOR_DONE: 847
[2025-05-19 21:46:22] INFO: SECTOR_DONE: 848
[2025-05-19 21:46:22] INFO: SECTOR_DONE: 849
[2025-05-19 21:46:22] INFO: SECTOR_DONE: 850
[2025-05-19 21:46:23] INFO: SECTOR_DONE: 851
[2025-05-19 21:46:23] INFO: SECTOR_DONE: 852
[2025-05-19 21:46:23] INFO: SECTOR_DONE: 853
[2025-05-19 21:46:23] INFO: SECTOR_DONE: 854
[2025-05-19 21:46:23] INFO: SECTOR_DONE: 855
[2025-05-19 21:46:23] INFO: SECTOR_DONE: 856
[2025-05-19 21:46:23] INFO: SECTOR_DONE: 857
[2025-05-19 21:46:23] INFO: SECTOR_DONE: 858
[2025-05-19 21:46:23] INFO: SECTOR_DONE: 859
[2025-05-19 21:46:23] INFO: SECTOR_DONE: 860
[2025-05-19 21:46:23] INFO: SECTOR_DONE: 861
[2025-05-19 21:46:23] INFO: SECTOR_DONE: 862
[2025-05-19 21:46:23] INFO: SECTOR_DONE: 863
[2025-05-19 21:46:23] INFO: SECTOR_DONE: 864
[2025-05-19 21:46:23] INFO: SECTOR_DONE: 865
[2025-05-19 21:46:23] INFO: SECTOR_DONE: 866
[2025-05-19 21:46:23] INFO: SECTOR_DONE: 867
[2025-05-19 21:46:23] INFO: SECTOR_DONE: 868
[2025-05-19 21:46:23] INFO: SECTOR_DONE: 869
[2025-05-19 21:46:23] INFO: SECTOR_DONE: 870
[2025-05-19 21:46:23] INFO: SECTOR_DONE: 871
[2025-05-19 21:46:23] INFO: SECTOR_DONE: 872
[2025-05-19 21:46:23] INFO: SECTOR_DONE: 873
[2025-05-19 21:46:23] INFO: SECTOR_DONE: 874
[2025-05-19 21:46:23] INFO: SECTOR_DONE: 875
[2025-05-19 21:46:23] INFO: SECTOR_DONE: 876
[2025-05-19 21:46:23] INFO: SECTOR_DONE: 877
[2025-05-19 21:46:23] INFO: SECTOR_DONE: 878
[2025-05-19 21:46:23] INFO: SECTOR_DONE: 879
[2025-05-19 21:46:23] INFO: SECTOR_DONE: 880
[2025-05-19 21:46:23] INFO: SECTOR_DONE: 881
[2025-05-19 21:46:23] INFO: SECTOR_DONE: 882
[2025-05-19 21:46:23] INFO: SECTOR_DONE: 883
[2025-05-19 21:46:23] INFO: SECTOR_DONE: 884
[2025-05-19 21:46:23] INFO: SECTOR_DONE: 885
[2025-05-19 21:46:23] INFO: SECTOR_DONE: 886
[2025-05-19 21:46:23] INFO: SECTOR_DONE: 887
[2025-05-19 21:46:23] INFO: SECTOR_DONE: 888
[2025-05-19 21:46:23] INFO: SECTOR_DONE: 889
[2025-05-19 21:46:24] INFO: SECTOR_DONE: 890
[2025-05-19 21:46:24] INFO: SECTOR_DONE: 891
[2025-05-19 21:46:24] INFO: SECTOR_DONE: 892
[2025-05-19 21:46:24] INFO: SECTOR_DONE: 893
[2025-05-19 21:46:24] INFO: SECTOR_DONE: 894
[2025-05-19 21:46:24] INFO: SECTOR_DONE: 895
[2025-05-19 21:46:24] INFO: SECTOR_DONE: 896
[2025-05-19 21:46:24] INFO: SECTOR_DONE: 897
[2025-05-19 21:46:24] INFO: SECTOR_DONE: 898
[2025-05-19 21:46:24] INFO: SECTOR_DONE: 899
[2025-05-19 21:46:24] INFO: SECTOR_DONE: 900
[2025-05-19 21:46:24] INFO: SECTOR_DONE: 901
[2025-05-19 21:46:24] INFO: SECTOR_DONE: 902
[2025-05-19 21:46:24] INFO: SECTOR_DONE: 903
[2025-05-19 21:46:24] INFO: SECTOR_DONE: 904
[2025-05-19 21:46:24] INFO: SECTOR_DONE: 905
[2025-05-19 21:46:24] INFO: SECTOR_DONE: 906
[2025-05-19 21:46:24] INFO: SECTOR_DONE: 907
[2025-05-19 21:46:24] INFO: SECTOR_DONE: 908
[2025-05-19 21:46:24] INFO: SECTOR_DONE: 909
[2025-05-19 21:46:24] INFO: SECTOR_DONE: 910
[2025-05-19 21:46:24] INFO: SECTOR_DONE: 911
[2025-05-19 21:46:24] INFO: SECTOR_DONE: 912
[2025-05-19 21:46:24] INFO: SECTOR_DONE: 913
[2025-05-19 21:46:24] INFO: SECTOR_DONE: 914
[2025-05-19 21:46:24] INFO: SECTOR_DONE: 915
[2025-05-19 21:46:24] INFO: SECTOR_DONE: 916
[2025-05-19 21:46:24] INFO: SECTOR_DONE: 917
[2025-05-19 21:46:24] INFO: SECTOR_DONE: 918
[2025-05-19 21:46:24] INFO: SECTOR_DONE: 919
[2025-05-19 21:46:24] INFO: SECTOR_DONE: 920
[2025-05-19 21:46:24] INFO: SECTOR_DONE: 921
[2025-05-19 21:46:24] INFO: SECTOR_DONE: 922
[2025-05-19 21:46:24] INFO: SECTOR_DONE: 923
[2025-05-19 21:46:24] INFO: SECTOR_DONE: 924
[2025-05-19 21:46:24] INFO: SECTOR_DONE: 925
[2025-05-19 21:46:24] INFO: SECTOR_DONE: 926
[2025-05-19 21:46:24] INFO: SECTOR_DONE: 927
[2025-05-19 21:46:24] INFO: SECTOR_DONE: 928
[2025-05-19 21:46:25] INFO: SECTOR_DONE: 929
[2025-05-19 21:46:25] INFO: SECTOR_DONE: 930
[2025-05-19 21:46:25] INFO: SECTOR_DONE: 931
[2025-05-19 21:46:25] INFO: SECTOR_DONE: 932
[2025-05-19 21:46:25] INFO: SECTOR_DONE: 933
[2025-05-19 21:46:25] INFO: SECTOR_DONE: 934
[2025-05-19 21:46:25] INFO: SECTOR_DONE: 935
[2025-05-19 21:46:25] INFO: SECTOR_DONE: 936
[2025-05-19 21:46:25] INFO: SECTOR_DONE: 937
[2025-05-19 21:46:25] INFO: SECTOR_DONE: 938
[2025-05-19 21:46:25] INFO: SECTOR_DONE: 939
[2025-05-19 21:46:25] INFO: SECTOR_DONE: 940
[2025-05-19 21:46:25] INFO: SECTOR_DONE: 941
[2025-05-19 21:46:25] INFO: SECTOR_DONE: 942
[2025-05-19 21:46:25] INFO: SECTOR_DONE: 943
[2025-05-19 21:46:25] INFO: SECTOR_DONE: 944
[2025-05-19 21:46:25] INFO: SECTOR_DONE: 945
[2025-05-19 21:46:25] INFO: SECTOR_DONE: 946
[2025-05-19 21:46:25] INFO: SECTOR_DONE: 947
[2025-05-19 21:46:25] INFO: SECTOR_DONE: 948
[2025-05-19 21:46:25] INFO: SECTOR_DONE: 949
[2025-05-19 21:46:25] INFO: SECTOR_DONE: 950
[2025-05-19 21:46:25] INFO: SECTOR_DONE: 951
[2025-05-19 21:46:25] INFO: SECTOR_DONE: 952
[2025-05-19 21:46:25] INFO: SECTOR_DONE: 953
[2025-05-19 21:46:25] INFO: SECTOR_DONE: 954
[2025-05-19 21:46:25] INFO: SECTOR_DONE: 955
[2025-05-19 21:46:25] INFO: SECTOR_DONE: 956
[2025-05-19 21:46:25] INFO: SECTOR_DONE: 957
[2025-05-19 21:46:25] INFO: SECTOR_DONE: 958
[2025-05-19 21:46:25] INFO: SECTOR_DONE: 959
[2025-05-19 21:46:25] INFO: SECTOR_DONE: 960
[2025-05-19 21:46:25] INFO: SECTOR_DONE: 961
[2025-05-19 21:46:25] INFO: SECTOR_DONE: 962
[2025-05-19 21:46:25] INFO: SECTOR_DONE: 963
[2025-05-19 21:46:25] INFO: SECTOR_DONE: 964
[2025-05-19 21:46:25] INFO: SECTOR_DONE: 965
[2025-05-19 21:46:25] INFO: SECTOR_DONE: 966
[2025-05-19 21:46:25] INFO: SECTOR_DONE: 967
[2025-05-19 21:46:26] INFO: SECTOR_DONE: 968
[2025-05-19 21:46:26] INFO: SECTOR_DONE: 969
[2025-05-19 21:46:26] INFO: SECTOR_DONE: 970
[2025-05-19 21:46:26] INFO: SECTOR_DONE: 971
[2025-05-19 21:46:26] INFO: SECTOR_DONE: 972
[2025-05-19 21:46:26] INFO: SECTOR_DONE: 973
[2025-05-19 21:46:26] INFO: SECTOR_DONE: 974
[2025-05-19 21:46:26] INFO: SECTOR_DONE: 975
[2025-05-19 21:46:26] INFO: SECTOR_DONE: 976
[2025-05-19 21:46:26] INFO: SECTOR_DONE: 977
[2025-05-19 21:46:26] INFO: SECTOR_DONE: 978
[2025-05-19 21:46:26] INFO: SECTOR_DONE: 979
[2025-05-19 21:46:26] INFO: SECTOR_DONE: 980
[2025-05-19 21:46:26] INFO: SECTOR_DONE: 981
[2025-05-19 21:46:26] INFO: SECTOR_DONE: 982
[2025-05-19 21:46:26] INFO: SECTOR_DONE: 983
[2025-05-19 21:46:26] INFO: SECTOR_DONE: 984
[2025-05-19 21:46:26] INFO: SECTOR_DONE: 985
[2025-05-19 21:46:26] INFO: SECTOR_DONE: 986
[2025-05-19 21:46:26] INFO: SECTOR_DONE: 987
[2025-05-19 21:46:26] INFO: SECTOR_DONE: 988
[2025-05-19 21:46:26] INFO: SECTOR_DONE: 989
[2025-05-19 21:46:26] INFO: SECTOR_DONE: 990
[2025-05-19 21:46:26] INFO: SECTOR_DONE: 991
[2025-05-19 21:46:26] INFO: SECTOR_DONE: 992
[2025-05-19 21:46:26] INFO: SECTOR_DONE: 993
[2025-05-19 21:46:26] INFO: SECTOR_DONE: 994
[2025-05-19 21:46:26] INFO: SECTOR_DONE: 995
[2025-05-19 21:46:26] INFO: SECTOR_DONE: 996
[2025-05-19 21:46:26] INFO: SECTOR_DONE: 997
[2025-05-19 21:46:26] INFO: SECTOR_DONE: 998
[2025-05-19 21:46:26] INFO: SECTOR_DONE: 999
[2025-05-19 21:46:26] INFO: SECTOR_DONE: 1000
[2025-05-19 21:46:26] INFO: SECTOR_DONE: 1001
[2025-05-19 21:46:26] INFO: SECTOR_DONE: 1002
[2025-05-19 21:46:26] INFO: SECTOR_DONE: 1003
[2025-05-19 21:46:26] INFO: SECTOR_DONE: 1004
[2025-05-19 21:46:26] INFO: SECTOR_DONE: 1005
[2025-05-19 21:46:26] INFO: SECTOR_DONE: 1006
[2025-05-19 21:46:27] INFO: SECTOR_DONE: 1007
[2025-05-19 21:46:27] INFO: SECTOR_DONE: 1008
[2025-05-19 21:46:27] INFO: SECTOR_DONE: 1009
[2025-05-19 21:46:27] INFO: SECTOR_DONE: 1010
[2025-05-19 21:46:27] INFO: SECTOR_DONE: 1011
[2025-05-19 21:46:27] INFO: SECTOR_DONE: 1012
[2025-05-19 21:46:27] INFO: SECTOR_DONE: 1013
[2025-05-19 21:46:27] INFO: SECTOR_DONE: 1014
[2025-05-19 21:46:27] INFO: SECTOR_DONE: 1015
[2025-05-19 21:46:27] INFO: SECTOR_DONE: 1016
[2025-05-19 21:46:27] INFO: SECTOR_DONE: 1017
[2025-05-19 21:46:27] INFO: SECTOR_DONE: 1018
[2025-05-19 21:46:27] INFO: SECTOR_DONE: 1019
[2025-05-19 21:46:27] INFO: SECTOR_DONE: 1020
[2025-05-19 21:46:27] INFO: SECTOR_DONE: 1021
[2025-05-19 21:46:27] INFO: SECTOR_DONE: 1022
[2025-05-19 21:46:27] INFO: SECTOR_DONE: 1023
[2025-05-19 21:46:27] INFO: SECTOR_DONE: 1024
[2025-05-19 21:46:27] INFO: SECTOR_DONE: 1025
[2025-05-19 21:46:27] INFO: SECTOR_DONE: 1026
[2025-05-19 21:46:27] INFO: SECTOR_DONE: 1027
[2025-05-19 21:46:27] INFO: SECTOR_DONE: 1028
[2025-05-19 21:46:27] INFO: SECTOR_DONE: 1029
[2025-05-19 21:46:27] INFO: SECTOR_DONE: 1030
[2025-05-19 21:46:27] INFO: SECTOR_DONE: 1031
[2025-05-19 21:46:27] INFO: SECTOR_DONE: 1032
[2025-05-19 21:46:27] INFO: SECTOR_DONE: 1033
[2025-05-19 21:46:27] INFO: SECTOR_DONE: 1034
[2025-05-19 21:46:27] INFO: SECTOR_DONE: 1035
[2025-05-19 21:46:27] INFO: SECTOR_DONE: 1036
[2025-05-19 21:46:27] INFO: SECTOR_DONE: 1037
[2025-05-19 21:46:27] INFO: SECTOR_DONE: 1038
[2025-05-19 21:46:27] INFO: SECTOR_DONE: 1039
[2025-05-19 21:46:27] INFO: SECTOR_DONE: 1040
[2025-05-19 21:46:27] INFO: SECTOR_DONE: 1041
[2025-05-19 21:46:27] INFO: SECTOR_DONE: 1042
[2025-05-19 21:46:27] INFO: SECTOR_DONE: 1043
[2025-05-19 21:46:27] INFO: SECTOR_DONE: 1044
[2025-05-19 21:46:27] INFO: SECTOR_DONE: 1045
[2025-05-19 21:46:28] INFO: SECTOR_DONE: 1046
[2025-05-19 21:46:28] INFO: SECTOR_DONE: 1047
[2025-05-19 21:46:28] INFO: SECTOR_DONE: 1048
[2025-05-19 21:46:28] INFO: SECTOR_DONE: 1049
[2025-05-19 21:46:28] INFO: SECTOR_DONE: 1050
[2025-05-19 21:46:28] INFO: SECTOR_DONE: 1051
[2025-05-19 21:46:28] INFO: SECTOR_DONE: 1052
[2025-05-19 21:46:28] INFO: SECTOR_DONE: 1053
[2025-05-19 21:46:28] INFO: SECTOR_DONE: 1054
[2025-05-19 21:46:28] INFO: SECTOR_DONE: 1055
[2025-05-19 21:46:28] INFO: SECTOR_DONE: 1056
[2025-05-19 21:46:28] INFO: SECTOR_DONE: 1057
[2025-05-19 21:46:28] INFO: SECTOR_DONE: 1058
[2025-05-19 21:46:28] INFO: SECTOR_DONE: 1059
[2025-05-19 21:46:28] INFO: SECTOR_DONE: 1060
[2025-05-19 21:46:28] INFO: SECTOR_DONE: 1061
[2025-05-19 21:46:28] INFO: SECTOR_DONE: 1062
[2025-05-19 21:46:28] INFO: SECTOR_DONE: 1063
[2025-05-19 21:46:28] INFO: SECTOR_DONE: 1064
[2025-05-19 21:46:28] INFO: SECTOR_DONE: 1065
[2025-05-19 21:46:28] INFO: SECTOR_DONE: 1066
[2025-05-19 21:46:28] INFO: SECTOR_DONE: 1067
[2025-05-19 21:46:28] INFO: SECTOR_DONE: 1068
[2025-05-19 21:46:28] INFO: SECTOR_DONE: 1069
[2025-05-19 21:46:28] INFO: SECTOR_DONE: 1070
[2025-05-19 21:46:28] INFO: SECTOR_DONE: 1071
[2025-05-19 21:46:28] INFO: SECTOR_DONE: 1072
[2025-05-19 21:46:28] INFO: SECTOR_DONE: 1073
[2025-05-19 21:46:28] INFO: SECTOR_DONE: 1074
[2025-05-19 21:46:28] INFO: SECTOR_DONE: 1075
[2025-05-19 21:46:28] INFO: SECTOR_DONE: 1076
[2025-05-19 21:46:28] INFO: SECTOR_DONE: 1077
[2025-05-19 21:46:28] INFO: SECTOR_DONE: 1078
[2025-05-19 21:46:28] INFO: SECTOR_DONE: 1079
[2025-05-19 21:46:28] INFO: SECTOR_DONE: 1080
[2025-05-19 21:46:28] INFO: SECTOR_DONE: 1081
[2025-05-19 21:46:28] INFO: SECTOR_DONE: 1082
[2025-05-19 21:46:28] INFO: SECTOR_DONE: 1083
[2025-05-19 21:46:28] INFO: SECTOR_DONE: 1084
[2025-05-19 21:46:29] INFO: SECTOR_DONE: 1085
[2025-05-19 21:46:29] INFO: SECTOR_DONE: 1086
[2025-05-19 21:46:29] INFO: SECTOR_DONE: 1087
[2025-05-19 21:46:29] INFO: SECTOR_DONE: 1088
[2025-05-19 21:46:29] INFO: SECTOR_DONE: 1089
[2025-05-19 21:46:29] INFO: SECTOR_DONE: 1090
[2025-05-19 21:46:29] INFO: SECTOR_DONE: 1091
[2025-05-19 21:46:29] INFO: SECTOR_DONE: 1092
[2025-05-19 21:46:29] INFO: SECTOR_DONE: 1093
[2025-05-19 21:46:29] INFO: SECTOR_DONE: 1094
[2025-05-19 21:46:29] INFO: SECTOR_DONE: 1095
[2025-05-19 21:46:29] INFO: SECTOR_DONE: 1096
[2025-05-19 21:46:29] INFO: SECTOR_DONE: 1097
[2025-05-19 21:46:29] INFO: SECTOR_DONE: 1098
[2025-05-19 21:46:29] INFO: SECTOR_DONE: 1099
[2025-05-19 21:46:29] INFO: SECTOR_DONE: 1100
[2025-05-19 21:46:29] INFO: SECTOR_DONE: 1101
[2025-05-19 21:46:29] INFO: SECTOR_DONE: 1102
[2025-05-19 21:46:29] INFO: SECTOR_DONE: 1103
[2025-05-19 21:46:29] INFO: SECTOR_DONE: 1104
[2025-05-19 21:46:29] INFO: SECTOR_DONE: 1105
[2025-05-19 21:46:29] INFO: SECTOR_DONE: 1106
[2025-05-19 21:46:29] INFO: SECTOR_DONE: 1107
[2025-05-19 21:46:29] INFO: SECTOR_DONE: 1108
[2025-05-19 21:46:29] INFO: SECTOR_DONE: 1109
[2025-05-19 21:46:29] INFO: SECTOR_DONE: 1110
[2025-05-19 21:46:29] INFO: SECTOR_DONE: 1111
[2025-05-19 21:46:29] INFO: SECTOR_DONE: 1112
[2025-05-19 21:46:29] INFO: SECTOR_DONE: 1113
[2025-05-19 21:46:29] INFO: SECTOR_DONE: 1114
[2025-05-19 21:46:29] INFO: SECTOR_DONE: 1115
[2025-05-19 21:46:29] INFO: SECTOR_DONE: 1116
[2025-05-19 21:46:29] INFO: SECTOR_DONE: 1117
[2025-05-19 21:46:29] INFO: SECTOR_DONE: 1118
[2025-05-19 21:46:29] INFO: SECTOR_DONE: 1119
[2025-05-19 21:46:29] INFO: SECTOR_DONE: 1120
[2025-05-19 21:46:29] INFO: SECTOR_DONE: 1121
[2025-05-19 21:46:29] INFO: SECTOR_DONE: 1122
[2025-05-19 21:46:29] INFO: SECTOR_DONE: 1123
[2025-05-19 21:46:29] INFO: SECTOR_DONE: 1124
[2025-05-19 21:46:30] INFO: SECTOR_DONE: 1125
[2025-05-19 21:46:30] INFO: SECTOR_DONE: 1126
[2025-05-19 21:46:30] INFO: SECTOR_DONE: 1127
[2025-05-19 21:46:30] INFO: SECTOR_DONE: 1128
[2025-05-19 21:46:30] INFO: SECTOR_DONE: 1129
[2025-05-19 21:46:30] INFO: SECTOR_DONE: 1130
[2025-05-19 21:46:30] INFO: SECTOR_DONE: 1131
[2025-05-19 21:46:30] INFO: SECTOR_DONE: 1132
[2025-05-19 21:46:30] INFO: SECTOR_DONE: 1133
[2025-05-19 21:46:30] INFO: SECTOR_DONE: 1134
[2025-05-19 21:46:30] INFO: SECTOR_DONE: 1135
[2025-05-19 21:46:30] INFO: SECTOR_DONE: 1136
[2025-05-19 21:46:30] INFO: SECTOR_DONE: 1137
[2025-05-19 21:46:30] INFO: SECTOR_DONE: 1138
[2025-05-19 21:46:30] INFO: SECTOR_DONE: 1139
[2025-05-19 21:46:30] INFO: SECTOR_DONE: 1140
[2025-05-19 21:46:30] INFO: SECTOR_DONE: 1141
[2025-05-19 21:46:30] INFO: SECTOR_DONE: 1142
[2025-05-19 21:46:30] INFO: SECTOR_DONE: 1143
[2025-05-19 21:46:30] INFO: SECTOR_DONE: 1144
[2025-05-19 21:46:30] INFO: SECTOR_DONE: 1145
[2025-05-19 21:46:30] INFO: SECTOR_DONE: 1146
[2025-05-19 21:46:30] INFO: SECTOR_DONE: 1147
[2025-05-19 21:46:30] INFO: SECTOR_DONE: 1148
[2025-05-19 21:46:30] INFO: SECTOR_DONE: 1149
[2025-05-19 21:46:30] INFO: SECTOR_DONE: 1150
[2025-05-19 21:46:30] INFO: SECTOR_DONE: 1151
[2025-05-19 21:46:30] INFO: SECTOR_DONE: 1152
[2025-05-19 21:46:30] INFO: SECTOR_DONE: 1153
[2025-05-19 21:46:30] INFO: SECTOR_DONE: 1154
[2025-05-19 21:46:30] INFO: SECTOR_DONE: 1155
[2025-05-19 21:46:30] INFO: SECTOR_DONE: 1156
[2025-05-19 21:46:30] INFO: SECTOR_DONE: 1157
[2025-05-19 21:46:30] INFO: SECTOR_DONE: 1158
[2025-05-19 21:46:30] INFO: SECTOR_DONE: 1159
[2025-05-19 21:46:30] INFO: SECTOR_DONE: 1160
[2025-05-19 21:46:30] INFO: SECTOR_DONE: 1161
[2025-05-19 21:46:30] INFO: SECTOR_DONE: 1162
[2025-05-19 21:46:30] INFO: SECTOR_DONE: 1163
[2025-05-19 21:46:31] INFO: SECTOR_DONE: 1164
[2025-05-19 21:46:31] INFO: SECTOR_DONE: 1165
[2025-05-19 21:46:31] INFO: SECTOR_DONE: 1166
[2025-05-19 21:46:31] INFO: SECTOR_DONE: 1167
[2025-05-19 21:46:31] INFO: SECTOR_DONE: 1168
[2025-05-19 21:46:31] INFO: SECTOR_DONE: 1169
[2025-05-19 21:46:31] INFO: SECTOR_DONE: 1170
[2025-05-19 21:46:31] INFO: SECTOR_DONE: 1171
[2025-05-19 21:46:31] INFO: SECTOR_DONE: 1172
[2025-05-19 21:46:31] INFO: SECTOR_DONE: 1173
[2025-05-19 21:46:31] INFO: SECTOR_DONE: 1174
[2025-05-19 21:46:31] INFO: SECTOR_DONE: 1175
[2025-05-19 21:46:31] INFO: SECTOR_DONE: 1176
[2025-05-19 21:46:31] INFO: SECTOR_DONE: 1177
[2025-05-19 21:46:31] INFO: SECTOR_DONE: 1178
[2025-05-19 21:46:31] INFO: SECTOR_DONE: 1179
[2025-05-19 21:46:31] INFO: SECTOR_DONE: 1180
[2025-05-19 21:46:31] INFO: SECTOR_DONE: 1181
[2025-05-19 21:46:31] INFO: SECTOR_DONE: 1182
[2025-05-19 21:46:31] INFO: SECTOR_DONE: 1183
[2025-05-19 21:46:31] INFO: SECTOR_DONE: 1184
[2025-05-19 21:46:31] INFO: SECTOR_DONE: 1185
[2025-05-19 21:46:31] INFO: SECTOR_DONE: 1186
[2025-05-19 21:46:31] INFO: SECTOR_DONE: 1187
[2025-05-19 21:46:31] INFO: SECTOR_DONE: 1188
[2025-05-19 21:46:31] INFO: SECTOR_DONE: 1189
[2025-05-19 21:46:31] INFO: SECTOR_DONE: 1190
[2025-05-19 21:46:31] INFO: SECTOR_DONE: 1191
[2025-05-19 21:46:31] INFO: SECTOR_DONE: 1192
[2025-05-19 21:46:31] INFO: SECTOR_DONE: 1193
[2025-05-19 21:46:31] INFO: SECTOR_DONE: 1194
[2025-05-19 21:46:31] INFO: SECTOR_DONE: 1195
[2025-05-19 21:46:31] INFO: SECTOR_DONE: 1196
[2025-05-19 21:46:31] INFO: SECTOR_DONE: 1197
[2025-05-19 21:46:31] INFO: SECTOR_DONE: 1198
[2025-05-19 21:46:31] INFO: SECTOR_DONE: 1199
[2025-05-19 21:46:31] INFO: SECTOR_DONE: 1200
[2025-05-19 21:46:31] INFO: SECTOR_DONE: 1201
[2025-05-19 21:46:31] INFO: SECTOR_DONE: 1202
[2025-05-19 21:46:32] INFO: SECTOR_DONE: 1203
[2025-05-19 21:46:32] INFO: SECTOR_DONE: 1204
[2025-05-19 21:46:32] INFO: SECTOR_DONE: 1205
[2025-05-19 21:46:32] INFO: SECTOR_DONE: 1206
[2025-05-19 21:46:32] INFO: SECTOR_DONE: 1207
[2025-05-19 21:46:32] INFO: SECTOR_DONE: 1208
[2025-05-19 21:46:32] INFO: SECTOR_DONE: 1209
[2025-05-19 21:46:32] INFO: SECTOR_DONE: 1210
[2025-05-19 21:46:32] INFO: SECTOR_DONE: 1211
[2025-05-19 21:46:32] INFO: SECTOR_DONE: 1212
[2025-05-19 21:46:32] INFO: SECTOR_DONE: 1213
[2025-05-19 21:46:32] INFO: SECTOR_DONE: 1214
[2025-05-19 21:46:32] INFO: SECTOR_DONE: 1215
[2025-05-19 21:46:32] INFO: SECTOR_DONE: 1216
[2025-05-19 21:46:32] INFO: SECTOR_DONE: 1217
[2025-05-19 21:46:32] INFO: SECTOR_DONE: 1218
[2025-05-19 21:46:32] INFO: SECTOR_DONE: 1219
[2025-05-19 21:46:32] INFO: SECTOR_DONE: 1220
[2025-05-19 21:46:32] INFO: SECTOR_DONE: 1221
[2025-05-19 21:46:32] INFO: SECTOR_DONE: 1222
[2025-05-19 21:46:32] INFO: SECTOR_DONE: 1223
[2025-05-19 21:46:32] INFO: SECTOR_DONE: 1224
[2025-05-19 21:46:32] INFO: SECTOR_DONE: 1225
[2025-05-19 21:46:32] INFO: SECTOR_DONE: 1226
[2025-05-19 21:46:32] INFO: SECTOR_DONE: 1227
[2025-05-19 21:46:32] INFO: SECTOR_DONE: 1228
[2025-05-19 21:46:32] INFO: SECTOR_DONE: 1229
